<?xml version="1.0" encoding="UTF-8"?>
<!-- Generated by org.testng.reporters.JUnitReportReporter -->
<testsuite hostname="Shreyas" failures="0" tests="1" name="Automation_Practice.Nykaa" time="30.805" errors="0" timestamp="2021-10-29T08:27:55 IST" skipped="0">
  <testcase classname="Automation_Practice.Nykaa" name="test" time="30.805"/>
  <system-out/>
</testsuite> <!-- Automation_Practice.Nykaa -->
