<?xml version="1.0" encoding="UTF-8"?>
<!-- Generated by org.testng.reporters.JUnitReportReporter -->
<testsuite hostname="Shreyas" failures="0" tests="1" name="GlobalHR_Automation.Education_Records_per_pagedropdown" time="48.558" errors="0" timestamp="2021-11-26T10:30:22 IST" skipped="0">
  <testcase classname="GlobalHR_Automation.Education_Records_per_pagedropdown" name="test" time="48.558"/>
  <system-out/>
</testsuite> <!-- GlobalHR_Automation.Education_Records_per_pagedropdown -->
