<?xml version="1.0" encoding="UTF-8"?>
<!-- Generated by org.testng.reporters.JUnitReportReporter -->
<testsuite hostname="DESKTOP-7N9I946" failures="0" tests="1" name="Test_POM.Dell_Test" time="5.887" errors="0" timestamp="2021-12-30T17:24:02 IST" skipped="0">
  <testcase classname="Test_POM.Dell_Test" name="test" time="5.887"/>
  <system-out/>
</testsuite> <!-- Test_POM.Dell_Test -->
