<?xml version="1.0" encoding="UTF-8"?>
<!-- Generated by org.testng.reporters.JUnitReportReporter -->
<testsuite hostname="DNJ" failures="0" tests="1" name="GlobalHR_LOGIN.Leave_Configuration" time="80.643" errors="0" timestamp="2022-06-21T15:31:49 IST" skipped="0">
  <testcase classname="GlobalHR_LOGIN.Leave_Configuration" name="test" time="80.643"/>
  <system-out/>
</testsuite> <!-- GlobalHR_LOGIN.Leave_Configuration -->
