<?xml version="1.0" encoding="UTF-8"?>
<!-- Generated by org.testng.reporters.JUnitReportReporter -->
<testsuite hostname="DNJ" failures="0" tests="1" name="Broken_Links_findout.PageNotFound_URL" time="389.554" errors="0" timestamp="2022-06-17T10:24:57 IST" skipped="0">
  <testcase classname="Broken_Links_findout.PageNotFound_URL" name="test" time="389.554"/>
  <system-out/>
</testsuite> <!-- Broken_Links_findout.PageNotFound_URL -->
