<?xml version="1.0" encoding="UTF-8"?>
<!-- Generated by org.testng.reporters.JUnitReportReporter -->
<testsuite hostname="DESKTOP-7N9I946" failures="0" tests="1" name="GlobalHR_Automation_Internship.Address_Details_Export" time="101.503" errors="0" timestamp="2022-01-28T15:26:30 IST" skipped="0">
  <testcase classname="GlobalHR_Automation_Internship.Address_Details_Export" name="test" time="101.503"/>
  <system-out/>
</testsuite> <!-- GlobalHR_Automation_Internship.Address_Details_Export -->
