<?xml version="1.0" encoding="UTF-8"?>
<!-- Generated by org.testng.reporters.JUnitReportReporter -->
<testsuite hostname="DESKTOP-7N9I946" failures="0" tests="1" name="Wait_Load_Time.Jiomart" time="2.242" errors="0" timestamp="2022-02-02T11:15:22 IST" skipped="0">
  <testcase classname="Wait_Load_Time.Jiomart" name="test" time="2.242"/>
  <system-out/>
</testsuite> <!-- Wait_Load_Time.Jiomart -->
