<?xml version="1.0" encoding="UTF-8"?>
<!-- Generated by org.testng.reporters.JUnitReportReporter -->
<testsuite hostname="DNJ" failures="0" tests="1" name="GlobalHR_LOGIN.Attednance_Delete_Multiple" time="61.726" errors="0" timestamp="2022-06-20T09:16:14 IST" skipped="0">
  <testcase classname="GlobalHR_LOGIN.Attednance_Delete_Multiple" name="test" time="61.726"/>
  <system-out/>
</testsuite> <!-- GlobalHR_LOGIN.Attednance_Delete_Multiple -->
