<?xml version="1.0" encoding="UTF-8"?>
<!-- Generated by org.testng.reporters.JUnitReportReporter -->
<testsuite hostname="DESKTOP-7N9I946" failures="0" tests="1" name="Automation_Practice.Puma" time="42.503" errors="0" timestamp="2022-01-15T10:29:21 IST" skipped="0">
  <testcase classname="Automation_Practice.Puma" name="test" time="42.503"/>
  <system-out/>
</testsuite> <!-- Automation_Practice.Puma -->
