<?xml version="1.0" encoding="UTF-8"?>
<!-- Generated by org.testng.reporters.JUnitReportReporter -->
<testsuite hostname="DESKTOP-OATTE91" failures="0" tests="1" name="Parellel_Run.Shopperstop" time="2.189" errors="0" timestamp="2021-08-26T11:07:52 IST" skipped="0">
  <testcase classname="Parellel_Run.Shopperstop" name="test" time="2.189"/>
  <system-out/>
</testsuite> <!-- Parellel_Run.Shopperstop -->
