<?xml version="1.0" encoding="UTF-8"?>
<!-- Generated by org.testng.reporters.JUnitReportReporter -->
<testsuite hostname="DESKTOP-7N9I946" failures="0" tests="1" name="Compassion.Login" time="3.663" errors="0" timestamp="2021-12-28T18:33:32 IST" skipped="0">
  <testcase classname="Compassion.Login" name="test" time="3.663"/>
  <system-out/>
</testsuite> <!-- Compassion.Login -->
