<?xml version="1.0" encoding="UTF-8"?>
<!-- Generated by org.testng.reporters.JUnitReportReporter -->
<testsuite hostname="DNJ" failures="0" tests="1" name="Compassion.Login_Compassion" time="10.518" errors="0" timestamp="2022-07-08T12:38:49 IST" skipped="0">
  <testcase classname="Compassion.Login_Compassion" name="test" time="10.518"/>
  <system-out/>
</testsuite> <!-- Compassion.Login_Compassion -->
