<?xml version="1.0" encoding="UTF-8"?>
<!-- Generated by org.testng.reporters.JUnitReportReporter -->
<testsuite hostname="DESKTOP-7N9I946" failures="0" tests="1" name="GlobalHR_Automation.Nationality_Add" time="55.496" errors="0" timestamp="2022-01-25T10:04:00 IST" skipped="0">
  <testcase classname="GlobalHR_Automation.Nationality_Add" name="test" time="55.496"/>
  <system-out/>
</testsuite> <!-- GlobalHR_Automation.Nationality_Add -->
