<?xml version="1.0" encoding="UTF-8"?>
<!-- Generated by org.testng.reporters.JUnitReportReporter -->
<testsuite hostname="DNJ" failures="0" tests="1" name="Java_basics.Call_GlobalHR" time="30.023" errors="0" timestamp="2022-06-14T17:46:47 IST" skipped="0">
  <testcase classname="Java_basics.Call_GlobalHR" name="test" time="30.023"/>
  <system-out/>
</testsuite> <!-- Java_basics.Call_GlobalHR -->
