<?xml version="1.0" encoding="UTF-8"?>
<!-- Generated by org.testng.reporters.JUnitReportReporter -->
<testsuite hostname="DNJ" failures="0" tests="1" name="Broken_Links_findout.PageNotFound_URL" time="135.489" errors="0" timestamp="2022-06-30T19:19:12 IST" skipped="0">
  <testcase classname="Broken_Links_findout.PageNotFound_URL" name="test" time="135.489"/>
  <system-out/>
</testsuite> <!-- Broken_Links_findout.PageNotFound_URL -->
