<?xml version="1.0" encoding="UTF-8"?>
<!-- Generated by org.testng.reporters.JUnitReportReporter -->
<testsuite hostname="DNJ" failures="0" tests="1" name="Console_Errors.JS_only_Console_errors" time="0.458" errors="0" timestamp="2022-07-04T14:14:51 IST" skipped="0">
  <testcase classname="Console_Errors.JS_only_Console_errors" name="test" time="0.458"/>
  <system-out/>
</testsuite> <!-- Console_Errors.JS_only_Console_errors -->
