<?xml version="1.0" encoding="UTF-8"?>
<!-- Generated by org.testng.reporters.JUnitReportReporter -->
<testsuite hostname="DNJ" failures="0" tests="1" name="GlobalHR_LOGIN.Call_GlobalHR" time="21.538" errors="0" timestamp="2022-06-14T17:44:31 IST" skipped="0">
  <testcase classname="GlobalHR_LOGIN.Call_GlobalHR" name="test" time="21.538"/>
  <system-out/>
</testsuite> <!-- GlobalHR_LOGIN.Call_GlobalHR -->
