<?xml version="1.0" encoding="UTF-8"?>
<!-- Generated by org.testng.reporters.JUnitReportReporter -->
<testsuite hostname="DNJ" failures="0" tests="1" name="Testng_Assertions.SoftAssertion_Or_Verify" time="0.239" errors="0" timestamp="2022-06-08T15:50:34 IST" skipped="0">
  <testcase classname="Testng_Assertions.SoftAssertion_Or_Verify" name="image_test" time="0.239"/>
  <system-out/>
</testsuite> <!-- Testng_Assertions.SoftAssertion_Or_Verify -->
