<?xml version="1.0" encoding="UTF-8"?>
<!-- Generated by org.testng.reporters.JUnitReportReporter -->
<testsuite hostname="Shreyas" failures="0" tests="1" name="Broken_Links_findout.Magicbrick" time="21.581" errors="0" timestamp="2021-10-05T08:37:50 IST" skipped="0">
  <testcase classname="Broken_Links_findout.Magicbrick" name="test" time="21.581"/>
  <system-out/>
</testsuite> <!-- Broken_Links_findout.Magicbrick -->
