<?xml version="1.0" encoding="UTF-8"?>
<!-- Generated by org.testng.reporters.JUnitReportReporter -->
<testsuite hostname="Shreyas" failures="0" tests="1" name="Broken_Links_findout.Levis" time="74.122" errors="0" timestamp="2021-09-11T10:02:36 IST" skipped="0">
  <testcase classname="Broken_Links_findout.Levis" name="test" time="74.122"/>
  <system-out/>
</testsuite> <!-- Broken_Links_findout.Levis -->
