<?xml version="1.0" encoding="UTF-8"?>
<!-- Generated by org.testng.reporters.JUnitReportReporter -->
<testsuite hostname="DNJ" failures="0" tests="2" name="TestNG.testng" time="8.826" errors="0" timestamp="2022-07-20T16:00:25 IST" skipped="0">
  <testcase classname="TestNG.testng" name="print2" time="4.484"/>
  <system-out/>
  <testcase classname="TestNG.testng" name="print" time="4.342"/>
  <system-out/>
</testsuite> <!-- TestNG.testng -->
