<?xml version="1.0" encoding="UTF-8"?>
<!-- Generated by org.testng.reporters.JUnitReportReporter -->
<testsuite hostname="Shreyas" failures="0" tests="1" name="Broken_Links_findout.Flipkart2" time="9.264" errors="0" timestamp="2021-09-07T17:33:26 IST" skipped="0">
  <testcase classname="Broken_Links_findout.Flipkart2" name="test" time="9.264"/>
  <system-out/>
</testsuite> <!-- Broken_Links_findout.Flipkart2 -->
