<?xml version="1.0" encoding="UTF-8"?>
<!-- Generated by org.testng.reporters.JUnitReportReporter -->
<testsuite hostname="Shreyas" failures="0" tests="1" name="Automation_Practice.Pepperfry_Decor" time="25.012" errors="0" timestamp="2021-12-02T07:52:43 IST" skipped="0">
  <testcase classname="Automation_Practice.Pepperfry_Decor" name="test" time="25.012"/>
  <system-out/>
</testsuite> <!-- Automation_Practice.Pepperfry_Decor -->
