<?xml version="1.0" encoding="UTF-8"?>
<!-- Generated by org.testng.reporters.JUnitReportReporter -->
<testsuite hostname="DESKTOP-7N9I946" failures="0" tests="1" name="Automation_Practice.Pepperfry_Light" time="62.258" errors="0" timestamp="2022-01-04T10:46:11 IST" skipped="0">
  <testcase classname="Automation_Practice.Pepperfry_Light" name="test" time="62.258"/>
  <system-out/>
</testsuite> <!-- Automation_Practice.Pepperfry_Light -->
