<?xml version="1.0" encoding="UTF-8"?>
<!-- Generated by org.testng.reporters.JUnitReportReporter -->
<testsuite hostname="DESKTOP-7N9I946" failures="0" tests="1" name="GlobalHR_Automation.OperationalLoc_Country_Delete" time="50.884" errors="0" timestamp="2022-01-25T10:22:39 IST" skipped="0">
  <testcase classname="GlobalHR_Automation.OperationalLoc_Country_Delete" name="test" time="50.884"/>
  <system-out/>
</testsuite> <!-- GlobalHR_Automation.OperationalLoc_Country_Delete -->
