<?xml version="1.0" encoding="UTF-8"?>
<!-- Generated by org.testng.reporters.JUnitReportReporter -->
<testsuite hostname="DNJ" failures="0" tests="1" name="Broken_Links_findout.ImageNotFound" time="3.415" errors="0" timestamp="2022-06-27T17:08:43 IST" skipped="0">
  <testcase classname="Broken_Links_findout.ImageNotFound" name="test" time="3.415"/>
  <system-out/>
</testsuite> <!-- Broken_Links_findout.ImageNotFound -->
