<?xml version="1.0" encoding="UTF-8"?>
<!-- Generated by org.testng.reporters.JUnitReportReporter -->
<testsuite hostname="DESKTOP-7N9I946" failures="0" tests="1" name="GlobalHR_Automation_Internship.Nationality_Export" time="22.549" errors="0" timestamp="2022-02-11T17:42:44 IST" skipped="0">
  <testcase classname="GlobalHR_Automation_Internship.Nationality_Export" name="test" time="22.549"/>
  <system-out/>
</testsuite> <!-- GlobalHR_Automation_Internship.Nationality_Export -->
