<?xml version="1.0" encoding="UTF-8"?>
<!-- Generated by org.testng.reporters.JUnitReportReporter -->
<testsuite hostname="DESKTOP-7N9I946" failures="0" tests="1" name="Test_POM.Login_Test_GlobalHR" time="10.264" errors="0" timestamp="2021-12-30T17:06:06 IST" skipped="0">
  <testcase classname="Test_POM.Login_Test_GlobalHR" name="test" time="10.264"/>
  <system-out/>
</testsuite> <!-- Test_POM.Login_Test_GlobalHR -->
