<?xml version="1.0" encoding="UTF-8"?>
<!-- Generated by org.testng.reporters.JUnitReportReporter -->
<testsuite hostname="DNJ" failures="0" tests="1" name="POM_test.POM_Test_GlobalHR" time="0.422" errors="0" timestamp="2022-07-21T20:12:47 IST" skipped="0">
  <testcase classname="POM_test.POM_Test_GlobalHR" name="test" time="0.422"/>
  <system-out/>
</testsuite> <!-- POM_test.POM_Test_GlobalHR -->
