<?xml version="1.0" encoding="UTF-8"?>
<!-- Generated by org.testng.reporters.JUnitReportReporter -->
<testsuite hostname="DNJ" failures="0" tests="1" name="WebDriverManager.GlobalHR" time="0.017" errors="0" timestamp="2022-06-13T11:20:16 IST" skipped="0">
  <testcase classname="WebDriverManager.GlobalHR" name="test" time="0.017"/>
  <system-out/>
</testsuite> <!-- WebDriverManager.GlobalHR -->
