<?xml version="1.0" encoding="UTF-8"?>
<!-- Generated by org.testng.reporters.JUnitReportReporter -->
<testsuite hostname="DESKTOP-OATTE91" failures="0" tests="1" name="Webpage_Loadtime.Mobile91" time="0.014" errors="0" timestamp="2021-08-18T12:30:44 IST" skipped="0">
  <testcase classname="Webpage_Loadtime.Mobile91" name="test" time="0.014"/>
  <system-out/>
</testsuite> <!-- Webpage_Loadtime.Mobile91 -->
