<?xml version="1.0" encoding="UTF-8"?>
<!-- Generated by org.testng.reporters.JUnitReportReporter -->
<testsuite hostname="DESKTOP-7N9I946" failures="0" tests="1" name="GlobalHR_Automation.Attendance_EmpInfo_Export" time="71.404" errors="0" timestamp="2022-01-25T08:49:03 IST" skipped="0">
  <testcase classname="GlobalHR_Automation.Attendance_EmpInfo_Export" name="test" time="71.404"/>
  <system-out/>
</testsuite> <!-- GlobalHR_Automation.Attendance_EmpInfo_Export -->
