<?xml version="1.0" encoding="UTF-8"?>
<!-- Generated by org.testng.reporters.JUnitReportReporter -->
<testsuite hostname="DNJ" failures="0" tests="1" name="Broken_Links_findout.ImageNotFound" time="0.955" errors="0" timestamp="2022-06-15T17:11:44 IST" skipped="0">
  <testcase classname="Broken_Links_findout.ImageNotFound" name="test" time="0.955"/>
  <system-out/>
</testsuite> <!-- Broken_Links_findout.ImageNotFound -->
