<?xml version="1.0" encoding="UTF-8"?>
<!-- Generated by org.testng.reporters.JUnitReportReporter -->
<testsuite hostname="DESKTOP-7N9I946" failures="0" tests="1" name="Test_POM.Login_Test_Compassion" time="0.815" errors="0" timestamp="2021-12-29T16:13:17 IST" skipped="0">
  <testcase classname="Test_POM.Login_Test_Compassion" name="test" time="0.815"/>
  <system-out/>
</testsuite> <!-- Test_POM.Login_Test_Compassion -->
