<?xml version="1.0" encoding="UTF-8"?>
<!-- Generated by org.testng.reporters.JUnitReportReporter -->
<testsuite hostname="DNJ" failures="0" tests="1" name="Shreyas_Java_Practice.GlobalHR" time="0.030" errors="0" timestamp="2022-06-10T15:38:58 IST" skipped="0">
  <testcase classname="Shreyas_Java_Practice.GlobalHR" name="test" time="0.030"/>
  <system-out/>
</testsuite> <!-- Shreyas_Java_Practice.GlobalHR -->
