<?xml version="1.0" encoding="UTF-8"?>
<!-- Generated by org.testng.reporters.JUnitReportReporter -->
<testsuite hostname="DNJ" failures="0" tests="1" name="GlobalHR.Global_HR_LOGIN" time="19.687" errors="0" timestamp="2022-06-07T18:08:53 IST" skipped="0">
  <testcase classname="GlobalHR.Global_HR_LOGIN" name="test" time="19.687"/>
  <system-out/>
</testsuite> <!-- GlobalHR.Global_HR_LOGIN -->
