<?xml version="1.0" encoding="UTF-8"?>
<!-- Generated by org.testng.reporters.JUnitReportReporter -->
<testsuite hostname="DESKTOP-7N9I946" failures="0" tests="1" name="GlobalHR_Automation.Attendance_Emp_Info_Search" time="50.510" errors="0" timestamp="2022-01-25T08:44:27 IST" skipped="0">
  <testcase classname="GlobalHR_Automation.Attendance_Emp_Info_Search" name="test" time="50.510"/>
  <system-out/>
</testsuite> <!-- GlobalHR_Automation.Attendance_Emp_Info_Search -->
