<?xml version="1.0" encoding="UTF-8"?>
<!-- Generated by org.testng.reporters.JUnitReportReporter -->
<testsuite hostname="DESKTOP-7N9I946" failures="0" tests="1" name="Testng_Assertions.Cardekho_Assertion_text1" time="1.121" errors="0" timestamp="2021-12-27T16:48:28 IST" skipped="0">
  <testcase classname="Testng_Assertions.Cardekho_Assertion_text1" name="test" time="1.121"/>
  <system-out/>
</testsuite> <!-- Testng_Assertions.Cardekho_Assertion_text1 -->
