<?xml version="1.0" encoding="UTF-8"?>
<!-- Generated by org.testng.reporters.JUnitReportReporter -->
<testsuite hostname="Shreyas" failures="0" tests="1" name="Webpage_Loadtime.Mobile91_specificlink_time_check" time="3.272" errors="0" timestamp="2021-10-07T17:32:51 IST" skipped="0">
  <testcase classname="Webpage_Loadtime.Mobile91_specificlink_time_check" name="test" time="3.272"/>
  <system-out/>
</testsuite> <!-- Webpage_Loadtime.Mobile91_specificlink_time_check -->
