<?xml version="1.0" encoding="UTF-8"?>
<!-- Generated by org.testng.reporters.JUnitReportReporter -->
<testsuite hostname="DNJ" failures="0" tests="1" name="Broken_Links_findout.ImageError_dir" time="3.194" errors="0" timestamp="2022-06-30T07:34:49 IST" skipped="0">
  <testcase classname="Broken_Links_findout.ImageError_dir" name="test" time="3.194"/>
  <system-out/>
</testsuite> <!-- Broken_Links_findout.ImageError_dir -->
