<?xml version="1.0" encoding="UTF-8"?>
<!-- Generated by org.testng.reporters.JUnitReportReporter -->
<testsuite hostname="DESKTOP-OATTE91" failures="0" tests="1" name="Testng_Assertions.JPet_image_Assertion" time="0.000" errors="0" timestamp="2021-08-31T13:16:59 IST" skipped="1">
  <testcase classname="Testng_Assertions.JPet_image_Assertion" name="image_test" time="0.000">
    <skipped/>
  </testcase> <!-- image_test -->
  <system-out/>
</testsuite> <!-- Testng_Assertions.JPet_image_Assertion -->
