<?xml version="1.0" encoding="UTF-8"?>
<!-- Generated by org.testng.reporters.JUnitReportReporter -->
<testsuite hostname="DESKTOP-7N9I946" failures="0" tests="1" name="Test_POM.Login_Test" time="1.223" errors="0" timestamp="2021-12-29T13:46:38 IST" skipped="0">
  <testcase classname="Test_POM.Login_Test" name="test" time="1.223"/>
  <system-out/>
</testsuite> <!-- Test_POM.Login_Test -->
