<?xml version="1.0" encoding="UTF-8"?>
<!-- Generated by org.testng.reporters.JUnitReportReporter -->
<testsuite hostname="DNJ" failures="0" tests="1" name="GlobalHR_LOGIN.GlobalHR_Logo_Assertion" time="34.828" errors="0" timestamp="2022-06-20T09:42:33 IST" skipped="0">
  <testcase classname="GlobalHR_LOGIN.GlobalHR_Logo_Assertion" name="image_test" time="34.828"/>
  <system-out/>
</testsuite> <!-- GlobalHR_LOGIN.GlobalHR_Logo_Assertion -->
