<?xml version="1.0" encoding="UTF-8"?>
<!-- Generated by org.testng.reporters.JUnitReportReporter -->
<testsuite hostname="Shreyas" failures="0" tests="1" name="Wait_Load_Time.Shopperstop_Explicit" time="2.962" errors="0" timestamp="2021-10-07T17:35:18 IST" skipped="0">
  <testcase classname="Wait_Load_Time.Shopperstop_Explicit" name="test" time="2.962"/>
  <system-out/>
</testsuite> <!-- Wait_Load_Time.Shopperstop_Explicit -->
