<?xml version="1.0" encoding="UTF-8"?>
<!-- Generated by org.testng.reporters.JUnitReportReporter -->
<testsuite hostname="DESKTOP-7N9I946" failures="0" tests="1" name="Automation_Practice.Firefoxbikes" time="46.179" errors="0" timestamp="2022-01-25T12:47:09 IST" skipped="0">
  <testcase classname="Automation_Practice.Firefoxbikes" name="test" time="46.179"/>
  <system-out/>
</testsuite> <!-- Automation_Practice.Firefoxbikes -->
