<?xml version="1.0" encoding="UTF-8"?>
<!-- Generated by org.testng.reporters.JUnitReportReporter -->
<testsuite hostname="DESKTOP-OATTE91" failures="0" tests="1" name="Travel_Website.Travel_Website" time="2.829" errors="0" timestamp="2021-08-17T13:19:54 IST" skipped="0">
  <testcase classname="Travel_Website.Travel_Website" name="test" time="2.829"/>
  <system-out/>
</testsuite> <!-- Travel_Website.Travel_Website -->
