<?xml version="1.0" encoding="UTF-8"?>
<!-- Generated by org.testng.reporters.JUnitReportReporter -->
<testsuite hostname="DNJ" failures="0" tests="1" name="Calendar_select.calendar_by_only_logic" time="20.079" errors="0" timestamp="2022-07-25T09:48:44 IST" skipped="0">
  <testcase classname="Calendar_select.calendar_by_only_logic" name="test" time="20.079"/>
  <system-out/>
</testsuite> <!-- Calendar_select.calendar_by_only_logic -->
