<?xml version="1.0" encoding="UTF-8"?>
<!-- Generated by org.testng.reporters.JUnitReportReporter -->
<testsuite hostname="DNJ" failures="0" tests="1" name="Broken_Links_findout.PageNotFound_URL" time="124.537" errors="0" timestamp="2022-06-30T07:53:00 IST" skipped="0">
  <testcase classname="Broken_Links_findout.PageNotFound_URL" name="test" time="124.537"/>
  <system-out/>
</testsuite> <!-- Broken_Links_findout.PageNotFound_URL -->
