<?xml version="1.0" encoding="UTF-8"?>
<!-- Generated by org.testng.reporters.JUnitReportReporter -->
<testsuite hostname="DNJ" failures="0" tests="1" name="Automation_Practice.Sangeethamobile" time="46.486" errors="0" timestamp="2022-06-03T10:49:16 IST" skipped="0">
  <testcase classname="Automation_Practice.Sangeethamobile" name="test" time="46.486"/>
  <system-out/>
</testsuite> <!-- Automation_Practice.Sangeethamobile -->
