<?xml version="1.0" encoding="UTF-8"?>
<!-- Generated by org.testng.reporters.JUnitReportReporter -->
<testsuite hostname="DNJ" failures="0" tests="1" name="Broken_Links_findout.ImageError_onlyMessageof_BrokenImageLoop" time="3.993" errors="0" timestamp="2022-07-01T18:24:27 IST" skipped="0">
  <testcase classname="Broken_Links_findout.ImageError_onlyMessageof_BrokenImageLoop" name="test" time="3.993"/>
  <system-out/>
</testsuite> <!-- Broken_Links_findout.ImageError_onlyMessageof_BrokenImageLoop -->
