<?xml version="1.0" encoding="UTF-8"?>
<!-- Generated by org.testng.reporters.JUnitReportReporter -->
<testsuite hostname="DESKTOP-7N9I946" failures="0" tests="1" name="Automation_Practice.Jiomart" time="38.299" errors="0" timestamp="2022-02-02T11:08:09 IST" skipped="0">
  <testcase classname="Automation_Practice.Jiomart" name="test" time="38.299"/>
  <system-out/>
</testsuite> <!-- Automation_Practice.Jiomart -->
