<?xml version="1.0" encoding="UTF-8"?>
<!-- Generated by org.testng.reporters.JUnitReportReporter -->
<testsuite hostname="Shreyas" failures="0" tests="1" name="Broken_Links_findout.Shopperstop_HomeStop" time="27.540" errors="0" timestamp="2021-09-22T08:57:37 IST" skipped="0">
  <testcase classname="Broken_Links_findout.Shopperstop_HomeStop" name="test" time="27.540"/>
  <system-out/>
</testsuite> <!-- Broken_Links_findout.Shopperstop_HomeStop -->
