<?xml version="1.0" encoding="UTF-8"?>
<!-- Generated by org.testng.reporters.JUnitReportReporter -->
<testsuite hostname="Shreyas" failures="0" tests="1" name="GlobalHR_Automation.Nationality_Export" time="69.643" errors="0" timestamp="2021-11-26T08:30:57 IST" skipped="0">
  <testcase classname="GlobalHR_Automation.Nationality_Export" name="test" time="69.643"/>
  <system-out/>
</testsuite> <!-- GlobalHR_Automation.Nationality_Export -->
