<?xml version="1.0" encoding="UTF-8"?>
<!-- Generated by org.testng.reporters.JUnitReportReporter -->
<testsuite hostname="DESKTOP-7N9I946" failures="0" tests="1" name="Test_POM.Shopperstop_Test" time="4.642" errors="0" timestamp="2021-12-30T17:13:55 IST" skipped="0">
  <testcase classname="Test_POM.Shopperstop_Test" name="test" time="4.642"/>
  <system-out/>
</testsuite> <!-- Test_POM.Shopperstop_Test -->
