<?xml version="1.0" encoding="UTF-8"?>
<!-- Generated by org.testng.reporters.JUnitReportReporter -->
<testsuite hostname="DESKTOP-7N9I946" failures="0" tests="1" name="Compassion.Login_Compassion" time="3.555" errors="0" timestamp="2021-12-31T19:13:34 IST" skipped="0">
  <testcase classname="Compassion.Login_Compassion" name="test" time="3.555"/>
  <system-out/>
</testsuite> <!-- Compassion.Login_Compassion -->
