<?xml version="1.0" encoding="UTF-8"?>
<!-- Generated by org.testng.reporters.JUnitReportReporter -->
<testsuite hostname="DNJ" failures="0" tests="1" name="GlobalHR_LOGIN.Recruitment_PDF_Download" time="65.058" errors="0" timestamp="2022-06-21T16:09:53 IST" skipped="0">
  <testcase classname="GlobalHR_LOGIN.Recruitment_PDF_Download" name="test" time="65.058"/>
  <system-out/>
</testsuite> <!-- GlobalHR_LOGIN.Recruitment_PDF_Download -->
