<?xml version="1.0" encoding="UTF-8"?>
<!-- Generated by org.testng.reporters.JUnitReportReporter -->
<testsuite hostname="DESKTOP-OATTE91" failures="0" tests="1" name="Broken_Links_findout.Save_as" time="4.659" errors="0" timestamp="2021-08-26T16:23:11 IST" skipped="0">
  <testcase classname="Broken_Links_findout.Save_as" name="test" time="4.659"/>
  <system-out/>
</testsuite> <!-- Broken_Links_findout.Save_as -->
