<?xml version="1.0" encoding="UTF-8"?>
<!-- Generated by org.testng.reporters.JUnitReportReporter -->
<testsuite hostname="Shreyas" failures="0" tests="1" name="Automation_Practice.Dell_Deals" time="50.720" errors="0" timestamp="2021-11-25T07:55:33 IST" skipped="0">
  <testcase classname="Automation_Practice.Dell_Deals" name="test" time="50.720"/>
  <system-out/>
</testsuite> <!-- Automation_Practice.Dell_Deals -->
