<?xml version="1.0" encoding="UTF-8"?>
<!-- Generated by org.testng.reporters.JUnitReportReporter -->
<testsuite hostname="DESKTOP-7N9I946" failures="0" tests="1" name="Test_POM.Puma_Test" time="17.178" errors="0" timestamp="2022-01-15T11:11:50 IST" skipped="0">
  <testcase classname="Test_POM.Puma_Test" name="test" time="17.178"/>
  <system-out/>
</testsuite> <!-- Test_POM.Puma_Test -->
