<?xml version="1.0" encoding="UTF-8"?>
<!-- Generated by org.testng.reporters.JUnitReportReporter -->
<testsuite hostname="Shreyas" failures="0" tests="1" name="GlobalHR_Automation.Export" time="53.274" errors="0" timestamp="2021-11-25T08:31:53 IST" skipped="0">
  <testcase classname="GlobalHR_Automation.Export" name="test" time="53.274"/>
  <system-out/>
</testsuite> <!-- GlobalHR_Automation.Export -->
