<?xml version="1.0" encoding="UTF-8"?>
<!-- Generated by org.testng.reporters.JUnitReportReporter -->
<testsuite hostname="DESKTOP-7N9I946" failures="0" tests="1" name="Automation_Practice.Hometown" time="23.529" errors="0" timestamp="2022-02-26T12:47:28 IST" skipped="0">
  <testcase classname="Automation_Practice.Hometown" name="test" time="23.529"/>
  <system-out/>
</testsuite> <!-- Automation_Practice.Hometown -->
