<?xml version="1.0" encoding="UTF-8"?>
<!-- Generated by org.testng.reporters.JUnitReportReporter -->
<testsuite hostname="Shreyas" failures="0" tests="1" name="Automation_Practice.Jack_and_Jones" time="42.219" errors="0" timestamp="2021-11-13T09:40:56 IST" skipped="0">
  <testcase classname="Automation_Practice.Jack_and_Jones" name="test" time="42.219"/>
  <system-out/>
</testsuite> <!-- Automation_Practice.Jack_and_Jones -->
