<?xml version="1.0" encoding="UTF-8"?>
<!-- Generated by org.testng.reporters.JUnitReportReporter -->
<testsuite hostname="DESKTOP-7N9I946" failures="0" tests="1" name="Automation_Practice.Snapdeal" time="33.281" errors="0" timestamp="2022-04-01T10:00:55 IST" skipped="0">
  <testcase classname="Automation_Practice.Snapdeal" name="Test" time="33.281"/>
  <system-out/>
</testsuite> <!-- Automation_Practice.Snapdeal -->
