<?xml version="1.0" encoding="UTF-8"?>
<!-- Generated by org.testng.reporters.JUnitReportReporter -->
<testsuite hostname="DESKTOP-7N9I946" failures="0" tests="1" name="Automation_Practice.Nykaa_Hair" time="24.588" errors="0" timestamp="2022-01-31T17:09:18 IST" skipped="0">
  <testcase classname="Automation_Practice.Nykaa_Hair" name="test" time="24.588"/>
  <system-out/>
</testsuite> <!-- Automation_Practice.Nykaa_Hair -->
