<?xml version="1.0" encoding="UTF-8"?>
<!-- Generated by org.testng.reporters.JUnitReportReporter -->
<testsuite hostname="DESKTOP-OATTE91" failures="0" tests="1" name="Broken_Links_findout.Travel_Website" time="0.000" errors="0" timestamp="2021-08-31T13:16:58 IST" skipped="1">
  <testcase classname="Broken_Links_findout.Travel_Website" name="test" time="0.000">
    <skipped/>
  </testcase> <!-- test -->
  <system-out/>
</testsuite> <!-- Broken_Links_findout.Travel_Website -->
