<?xml version="1.0" encoding="UTF-8"?>
<!-- Generated by org.testng.reporters.JUnitReportReporter -->
<testsuite hostname="DESKTOP-7N9I946" failures="0" tests="1" name="Zoom_In_Out.Jiomart_By_KEYS_method" time="0.173" errors="0" timestamp="2022-02-02T12:38:39 IST" skipped="0">
  <testcase classname="Zoom_In_Out.Jiomart_By_KEYS_method" name="test" time="0.173"/>
  <system-out/>
</testsuite> <!-- Zoom_In_Out.Jiomart_By_KEYS_method -->
