<?xml version="1.0" encoding="UTF-8"?>
<!-- Generated by org.testng.reporters.JUnitReportReporter -->
<testsuite hostname="Shreyas" failures="0" tests="1" name="Broken_Links_findout.US_Polo" time="30.444" errors="0" timestamp="2021-09-28T14:55:36 IST" skipped="0">
  <testcase classname="Broken_Links_findout.US_Polo" name="test" time="30.444"/>
  <system-out/>
</testsuite> <!-- Broken_Links_findout.US_Polo -->
