<?xml version="1.0" encoding="UTF-8"?>
<!-- Generated by org.testng.reporters.JUnitReportReporter -->
<testsuite hostname="Shreyas" failures="0" tests="1" name="Broken_Links_findout.Pepperfry_Kids" time="24.811" errors="0" timestamp="2021-11-11T10:40:51 IST" skipped="0">
  <testcase classname="Broken_Links_findout.Pepperfry_Kids" name="test" time="24.811"/>
  <system-out/>
</testsuite> <!-- Broken_Links_findout.Pepperfry_Kids -->
