<?xml version="1.0" encoding="UTF-8"?>
<!-- Generated by org.testng.reporters.JUnitReportReporter -->
<testsuite hostname="DNJ" failures="0" tests="1" name="Testng_Assertions.GlobalHR" time="41.755" errors="0" timestamp="2022-06-07T18:21:10 IST" skipped="0">
  <testcase classname="Testng_Assertions.GlobalHR" name="image_test" time="41.755"/>
  <system-out/>
</testsuite> <!-- Testng_Assertions.GlobalHR -->
