<?xml version="1.0" encoding="UTF-8"?>
<!-- Generated by org.testng.reporters.JUnitReportReporter -->
<testsuite hostname="Shreyas" failures="0" tests="1" name="Broken_Links_findout.Lenovo" time="50.582" errors="0" timestamp="2021-09-14T09:29:50 IST" skipped="0">
  <testcase classname="Broken_Links_findout.Lenovo" name="test" time="50.582"/>
  <system-out/>
</testsuite> <!-- Broken_Links_findout.Lenovo -->
