<?xml version="1.0" encoding="UTF-8"?>
<!-- Generated by org.testng.reporters.JUnitReportReporter -->
<testsuite hostname="DNJ" failures="0" tests="1" name="Get_Dimension_Location.Dimention" time="0.395" errors="0" timestamp="2022-07-08T14:38:56 IST" skipped="0">
  <testcase classname="Get_Dimension_Location.Dimention" name="test" time="0.395"/>
  <system-out/>
</testsuite> <!-- Get_Dimension_Location.Dimention -->
