<?xml version="1.0" encoding="UTF-8"?>
<!-- Generated by org.testng.reporters.JUnitReportReporter -->
<testsuite hostname="DNJ" failures="0" tests="1" name="Broken_Links_findout.Acer" time="24.281" errors="0" timestamp="2022-06-17T16:47:54 IST" skipped="0">
  <testcase classname="Broken_Links_findout.Acer" name="test" time="24.281"/>
  <system-out/>
</testsuite> <!-- Broken_Links_findout.Acer -->
