<?xml version="1.0" encoding="UTF-8"?>
<!-- Generated by org.testng.reporters.JUnitReportReporter -->
<testsuite hostname="DNJ" failures="0" tests="1" name="Console_Errors.Console_Error_withDate" time="0.156" errors="0" timestamp="2022-07-06T16:14:36 IST" skipped="0">
  <testcase classname="Console_Errors.Console_Error_withDate" name="test" time="0.156"/>
  <system-out/>
</testsuite> <!-- Console_Errors.Console_Error_withDate -->
