<?xml version="1.0" encoding="UTF-8"?>
<!-- Generated by org.testng.reporters.JUnitReportReporter -->
<testsuite hostname="DESKTOP-OATTE91" failures="0" tests="1" name="Broken_Links_findout.SangeetaMobile" time="99.223" errors="0" timestamp="2021-08-31T15:09:56 IST" skipped="0">
  <testcase classname="Broken_Links_findout.SangeetaMobile" name="test" time="99.223"/>
  <system-out/>
</testsuite> <!-- Broken_Links_findout.SangeetaMobile -->
