<?xml version="1.0" encoding="UTF-8"?>
<!-- Generated by org.testng.reporters.JUnitReportReporter -->
<testsuite hostname="DESKTOP-7N9I946" failures="0" tests="1" name="POM.Dell_Test" time="6.816" errors="0" timestamp="2022-01-03T14:15:02 IST" skipped="0">
  <testcase classname="POM.Dell_Test" name="test" time="6.816"/>
  <system-out/>
</testsuite> <!-- POM.Dell_Test -->
