<?xml version="1.0" encoding="UTF-8"?>
<!-- Generated by org.testng.reporters.JUnitReportReporter -->
<testsuite hostname="DESKTOP-7N9I946" failures="0" tests="1" name="GlobalHR_Automation_Internship.Hierarchy_Bulk_Delete" time="41.424" errors="0" timestamp="2022-01-31T17:10:28 IST" skipped="0">
  <testcase classname="GlobalHR_Automation_Internship.Hierarchy_Bulk_Delete" name="test" time="41.424"/>
  <system-out/>
</testsuite> <!-- GlobalHR_Automation_Internship.Hierarchy_Bulk_Delete -->
