<?xml version="1.0" encoding="UTF-8"?>
<!-- Generated by org.testng.reporters.JUnitReportReporter -->
<testsuite hostname="DESKTOP-7N9I946" failures="0" tests="1" name="GlobalHR_Automation.Outdoor_Configuration" time="42.950" errors="0" timestamp="2022-01-25T11:10:11 IST" skipped="0">
  <testcase classname="GlobalHR_Automation.Outdoor_Configuration" name="test" time="42.950"/>
  <system-out/>
</testsuite> <!-- GlobalHR_Automation.Outdoor_Configuration -->
